Using pre-set license
Built from '2020.3/staging' branch; Version is '2020.3.18f1 (a7d1c678663c) revision 10998214'; Using compiler version '192528614'; Build Type 'Release'
OS: 'Windows 10 Pro; OS build 19042.1237; Version 2009; 64bit' Language: 'en' Physical Memory: 16246 MB
BatchMode: 1, IsHumanControllingUs: 0, StartBugReporterOnCrash: 0, Is64bit: 1, IsPro: 0

COMMAND LINE ARGUMENTS:
C:\Program Files\Unity\Hub\Editor\2020.3.18f1\Editor\Unity.exe
-adb2
-batchMode
-noUpm
-name
AssetImportWorker2
-projectPath
E:/Workspace/Thesis
-logFile
Logs/AssetImportWorker2.log
-srvPort
57183
Successfully changed project path to: E:/Workspace/Thesis
E:/Workspace/Thesis
Using Asset Import Pipeline V2.
Refreshing native plugins compatible for Editor in 319.51 ms, found 2 plugins.
Preloading 0 native plugins for Editor in 0.00 ms.
Initialize engine version: 2020.3.18f1 (a7d1c678663c)
[Subsystems] Discovering subsystems at path C:/Program Files/Unity/Hub/Editor/2020.3.18f1/Editor/Data/Resources/UnitySubsystems
[Subsystems] Discovering subsystems at path E:/Workspace/Thesis/Assets
GfxDevice: creating device client; threaded=0
Direct3D:
    Version:  Direct3D 11.0 [level 11.1]
    Renderer: NVIDIA GeForce GTX 1050 (ID=0x1c8d)
    Vendor:   
    VRAM:     4021 MB
    Driver:   30.0.14.7212
Shader 'ASESampleShaders/Terrain/TerrainSnowCoverageFirstPass': dependency 'BaseMapShader' shader 'ASESampleShaders/TerrainBase' not found
Initialize mono
Mono path[0] = 'C:/Program Files/Unity/Hub/Editor/2020.3.18f1/Editor/Data/Managed'
Mono path[1] = 'C:/Program Files/Unity/Hub/Editor/2020.3.18f1/Editor/Data/MonoBleedingEdge/lib/mono/unityjit'
Mono config path = 'C:/Program Files/Unity/Hub/Editor/2020.3.18f1/Editor/Data/MonoBleedingEdge/etc'
Using monoOptions --debugger-agent=transport=dt_socket,embedding=1,server=y,suspend=n,address=127.0.0.1:56460
Begin MonoManager ReloadAssembly
Registering precompiled unity dll's ...
Register platform support module: C:/Program Files/Unity/Hub/Editor/2020.3.18f1/Editor/Data/PlaybackEngines/WindowsStandaloneSupport/UnityEditor.WindowsStandalone.Extensions.dll
Registered in 0.012418 seconds.
Native extension for WindowsStandalone target not found
Refreshing native plugins compatible for Editor in 313.53 ms, found 2 plugins.
Preloading 0 native plugins for Editor in 0.00 ms.
Mono: successfully reloaded assembly
- Completed reload, in  6.536 seconds
Domain Reload Profiling:
	ReloadAssembly (6536ms)
		BeginReloadAssembly (328ms)
			ExecutionOrderSort (0ms)
			DisableScriptedObjects (0ms)
			BackupInstance (0ms)
			ReleaseScriptingObjects (0ms)
			CreateAndSetChildDomain (9ms)
		EndReloadAssembly (2462ms)
			LoadAssemblies (314ms)
			RebuildTransferFunctionScriptingTraits (0ms)
			SetupTypeCache (845ms)
			ReleaseScriptCaches (0ms)
			RebuildScriptCaches (108ms)
			SetupLoadedEditorAssemblies (623ms)
				LogAssemblyErrors (0ms)
				InitializePlatformSupportModulesInManaged (14ms)
				SetLoadedEditorAssemblies (1ms)
				RefreshPlugins (314ms)
				BeforeProcessingInitializeOnLoad (38ms)
				ProcessInitializeOnLoadAttributes (186ms)
				ProcessInitializeOnLoadMethodAttributes (71ms)
				AfterProcessingInitializeOnLoad (0ms)
				EditorAssembliesLoaded (0ms)
			ExecutionOrderSort2 (0ms)
			AwakeInstancesAfterBackupRestoration (0ms)
Platform modules already initialized, skipping
Registering precompiled user dll's ...
Registered in 0.030952 seconds.
Begin MonoManager ReloadAssembly
Native extension for WindowsStandalone target not found
Refreshing native plugins compatible for Editor in 2.13 ms, found 2 plugins.
Preloading 0 native plugins for Editor in 0.00 ms.
Mono: successfully reloaded assembly
- Completed reload, in  6.672 seconds
Domain Reload Profiling:
	ReloadAssembly (6681ms)
		BeginReloadAssembly (356ms)
			ExecutionOrderSort (0ms)
			DisableScriptedObjects (8ms)
			BackupInstance (0ms)
			ReleaseScriptingObjects (0ms)
			CreateAndSetChildDomain (36ms)
		EndReloadAssembly (6189ms)
			LoadAssemblies (271ms)
			RebuildTransferFunctionScriptingTraits (0ms)
			SetupTypeCache (1354ms)
			ReleaseScriptCaches (3ms)
			RebuildScriptCaches (370ms)
			SetupLoadedEditorAssemblies (3229ms)
				LogAssemblyErrors (0ms)
				InitializePlatformSupportModulesInManaged (8ms)
				SetLoadedEditorAssemblies (1ms)
				RefreshPlugins (2ms)
				BeforeProcessingInitializeOnLoad (479ms)
				ProcessInitializeOnLoadAttributes (2037ms)
				ProcessInitializeOnLoadMethodAttributes (615ms)
				AfterProcessingInitializeOnLoad (87ms)
				EditorAssembliesLoaded (0ms)
			ExecutionOrderSort2 (0ms)
			AwakeInstancesAfterBackupRestoration (14ms)
Platform modules already initialized, skipping
========================================================================
Worker process is ready to serve import requests
Shader 'ASESampleShaders/Terrain/TerrainSnowCoverageFirstPass': dependency 'BaseMapShader' shader 'ASESampleShaders/TerrainBase' not found
Launched and connected shader compiler UnityShaderCompiler.exe after 0.23 seconds
Refreshing native plugins compatible for Editor in 8.84 ms, found 2 plugins.
Preloading 0 native plugins for Editor in 0.00 ms.
Unloading 3444 Unused Serialized files (Serialized files now loaded: 0)
System memory in use before: 244.3 MB.
System memory in use after: 244.4 MB.

Unloading 70 unused Assets to reduce memory usage. Loaded Objects now: 3899.
Total: 50.751600 ms (FindLiveObjects: 1.913500 ms CreateObjectMapping: 7.125400 ms MarkObjects: 41.461700 ms  DeleteObjects: 0.248800 ms)

AssetImportParameters requested are different than current active one (requested -> active):
  custom:framework-win-MediaFoundation: 216162199b28c13a410421893ffa2e32 -> 
  custom:video-decoder-ogg-theora: a1e56fd34408186e4bbccfd4996cb3dc -> 
  custom:container-muxer-webm: aa71ff27fc2769a1b78a27578f13a17b -> 
  custom:container-demuxer-webm: 4f35f7cbe854078d1ac9338744f61a02 -> 
  custom:container-demuxer-ogg: 62fdf1f143b41e24485cea50d1cbac27 -> 
  custom:video-encoder-webm-vp8: eb34c28f22e8b96e1ab97ce403110664 -> 
  custom:video-decoder-webm-vp8: 9c59270c3fd7afecdb556c50c9e8de78 -> 
  custom:audio-decoder-ogg-vorbis: bf7c407c2cedff20999df2af8eb42d56 -> 
  custom:audio-encoder-webm-vorbis: bf7c407c2cedff20999df2af8eb42d56 -> 
========================================================================
Received Import Request.
  path: Assets/HologramObject.prefab
  artifactKey: Guid(4efd6d42e2901494c8b41ad392dc2ed8) Importer(815301076,1909f56bfc062723c751e8b465ee728b)
Start importing Assets/HologramObject.prefab using Guid(4efd6d42e2901494c8b41ad392dc2ed8) Importer(815301076,1909f56bfc062723c751e8b465ee728b)  -> (artifact id: '52159fa2b02dd84f80ff7ff3e4b7a7cc') in 0.907687 seconds 
  Import took 0.961089 seconds .

========================================================================
Received Import Request.
  Time since last request: 89.255146 seconds.
  path: Assets/Shaders/Created_Burn.mat
  artifactKey: Guid(832cd7eae966a9f44903896f2a5a33ce) Importer(815301076,1909f56bfc062723c751e8b465ee728b)
Start importing Assets/Shaders/Created_Burn.mat using Guid(832cd7eae966a9f44903896f2a5a33ce) Importer(815301076,1909f56bfc062723c751e8b465ee728b)  -> (artifact id: 'a07612ea93a9643fb96278a6bbdf65aa') in 0.533917 seconds 
  Import took 0.558977 seconds .

========================================================================
Received Import Request.
  Time since last request: 3.484932 seconds.
  path: Assets/Physics materials/GridBox.physicMaterial
  artifactKey: Guid(22f9d6ddc307f2544b9edb3e8db569fd) Importer(815301076,1909f56bfc062723c751e8b465ee728b)
Start importing Assets/Physics materials/GridBox.physicMaterial using Guid(22f9d6ddc307f2544b9edb3e8db569fd) Importer(815301076,1909f56bfc062723c751e8b465ee728b)  -> (artifact id: '693540e4b7cb14f552a5a3146506f4d8') in 0.012445 seconds 
  Import took 0.060105 seconds .

========================================================================
Received Import Request.
  Time since last request: 0.000919 seconds.
  path: Assets/Physics materials/SwitchWind.physicMaterial
  artifactKey: Guid(cdfedc11bb76c504e85b11f6ca43acea) Importer(815301076,1909f56bfc062723c751e8b465ee728b)
Start importing Assets/Physics materials/SwitchWind.physicMaterial using Guid(cdfedc11bb76c504e85b11f6ca43acea) Importer(815301076,1909f56bfc062723c751e8b465ee728b)  -> (artifact id: '83d72865a9c6085483fe012c69421a14') in 0.015251 seconds 
  Import took 0.067760 seconds .

========================================================================
Received Import Request.
  Time since last request: 0.321225 seconds.
  path: Assets/Prefabs/AudioManager.prefab
  artifactKey: Guid(e62564a14c3122041aa443078e7aa17f) Importer(815301076,1909f56bfc062723c751e8b465ee728b)
Start importing Assets/Prefabs/AudioManager.prefab using Guid(e62564a14c3122041aa443078e7aa17f) Importer(815301076,1909f56bfc062723c751e8b465ee728b)  -> (artifact id: '83b9f4b96f2573c5ed6d8be677d6153f') in 0.042180 seconds 
  Import took 0.065949 seconds .

========================================================================
Received Import Request.
  Time since last request: 0.000358 seconds.
  path: Assets/Prefabs/Complement Stump.prefab
  artifactKey: Guid(66ad8af7df5e227429e95b0189554a42) Importer(815301076,1909f56bfc062723c751e8b465ee728b)
Start importing Assets/Prefabs/Complement Stump.prefab using Guid(66ad8af7df5e227429e95b0189554a42) Importer(815301076,1909f56bfc062723c751e8b465ee728b)  -> (artifact id: '97fb28117b6053909f55d2ca900cfe6b') in 0.612024 seconds 
  Import took 0.677545 seconds .

========================================================================
Received Import Request.
  Time since last request: 0.000378 seconds.
  path: Assets/Prefabs/ShootTower.prefab
  artifactKey: Guid(6ddcf6721cbe5e84c819dd60a46098a2) Importer(815301076,1909f56bfc062723c751e8b465ee728b)
Start importing Assets/Prefabs/ShootTower.prefab using Guid(6ddcf6721cbe5e84c819dd60a46098a2) Importer(815301076,1909f56bfc062723c751e8b465ee728b)  -> (artifact id: '74b58dda8da13b08c87da988966f2028') in 0.134362 seconds 
  Import took 0.146517 seconds .

========================================================================
Received Import Request.
  Time since last request: 0.000421 seconds.
  path: Assets/Prefabs/CheckPoint.prefab
  artifactKey: Guid(6968d8dbe3f384b47b8bcc5248b012d1) Importer(815301076,1909f56bfc062723c751e8b465ee728b)
Start importing Assets/Prefabs/CheckPoint.prefab using Guid(6968d8dbe3f384b47b8bcc5248b012d1) Importer(815301076,1909f56bfc062723c751e8b465ee728b)  -> (artifact id: 'd8b92eb27536a4b95eefd5f6bbbb62c2') in 0.043348 seconds 
  Import took 0.133095 seconds .

========================================================================
Received Import Request.
  Time since last request: 0.000660 seconds.
  path: Assets/Prefabs/Console.prefab
  artifactKey: Guid(f5d91642fcbf26a48b1236fdc64f2e20) Importer(815301076,1909f56bfc062723c751e8b465ee728b)
Start importing Assets/Prefabs/Console.prefab using Guid(f5d91642fcbf26a48b1236fdc64f2e20) Importer(815301076,1909f56bfc062723c751e8b465ee728b)  -> (artifact id: 'ff0ec2227ed1d313c7510beeae307b6b') in 0.106449 seconds 
  Import took 0.144233 seconds .

========================================================================
Received Import Request.
  Time since last request: 0.000621 seconds.
  path: Assets/Prefabs/Elevator.prefab
  artifactKey: Guid(4595ed96b95dbe245ad940505aae568c) Importer(815301076,1909f56bfc062723c751e8b465ee728b)
Start importing Assets/Prefabs/Elevator.prefab using Guid(4595ed96b95dbe245ad940505aae568c) Importer(815301076,1909f56bfc062723c751e8b465ee728b)  -> (artifact id: '4a3d3eea383c55f1092f6d2d0e2a8dda') in 0.042749 seconds 
  Import took 0.062937 seconds .

========================================================================
Received Import Request.
  Time since last request: 0.000271 seconds.
  path: Assets/Prefabs/Simple Stump.prefab
  artifactKey: Guid(f7ded1549e71fd04d94a680312ac0a88) Importer(815301076,1909f56bfc062723c751e8b465ee728b)
Start importing Assets/Prefabs/Simple Stump.prefab using Guid(f7ded1549e71fd04d94a680312ac0a88) Importer(815301076,1909f56bfc062723c751e8b465ee728b)  -> (artifact id: 'ca2f81ee0afb4bafbf9659c524c6fc69') in 0.096068 seconds 
  Import took 0.109084 seconds .

========================================================================
Received Import Request.
  Time since last request: 0.000294 seconds.
  path: Assets/Prefabs/Managers.prefab
  artifactKey: Guid(149b72fe2676dd74aba009cf982f873d) Importer(815301076,1909f56bfc062723c751e8b465ee728b)
Start importing Assets/Prefabs/Managers.prefab using Guid(149b72fe2676dd74aba009cf982f873d) Importer(815301076,1909f56bfc062723c751e8b465ee728b)  -> (artifact id: '3697af3bf9fedb0594eab7cab22369ce') in 0.049990 seconds 
  Import took 0.109645 seconds .

========================================================================
Received Import Request.
  Time since last request: 0.000269 seconds.
  path: Assets/Prefabs/Tutorial-00.prefab
  artifactKey: Guid(1de75ab57aa40d84b99d84ec1057c6cd) Importer(815301076,1909f56bfc062723c751e8b465ee728b)
Start importing Assets/Prefabs/Tutorial-00.prefab using Guid(1de75ab57aa40d84b99d84ec1057c6cd) Importer(815301076,1909f56bfc062723c751e8b465ee728b)  -> (artifact id: '0977781fedca7a53455be15b36a6d314') in 0.066886 seconds 
  Import took 0.082770 seconds .

========================================================================
Received Import Request.
  Time since last request: 0.000276 seconds.
  path: Assets/Prefabs/WallMobile.prefab
  artifactKey: Guid(e5f30ed8a0397704599f7e73348f5317) Importer(815301076,1909f56bfc062723c751e8b465ee728b)
Start importing Assets/Prefabs/WallMobile.prefab using Guid(e5f30ed8a0397704599f7e73348f5317) Importer(815301076,1909f56bfc062723c751e8b465ee728b)  -> (artifact id: 'b1865c70acd8b18da7ad872ac5d2e6f8') in 0.076704 seconds 
  Import took 0.103636 seconds .

========================================================================
Received Import Request.
  Time since last request: 0.000289 seconds.
  path: Assets/Prefabs/LightsBase.prefab
  artifactKey: Guid(f595bd9cba386734c84acc462f364143) Importer(815301076,1909f56bfc062723c751e8b465ee728b)
Start importing Assets/Prefabs/LightsBase.prefab using Guid(f595bd9cba386734c84acc462f364143) Importer(815301076,1909f56bfc062723c751e8b465ee728b)  -> (artifact id: '1a115b4a5b85c725987bbc4089d787b3') in 0.028328 seconds 
  Import took 0.062153 seconds .

========================================================================
Received Import Request.
  Time since last request: 0.000256 seconds.
  path: Assets/Prefabs/Stump.prefab
  artifactKey: Guid(7a23598b7114fcc44a204e5dac4eaec8) Importer(815301076,1909f56bfc062723c751e8b465ee728b)
Start importing Assets/Prefabs/Stump.prefab using Guid(7a23598b7114fcc44a204e5dac4eaec8) Importer(815301076,1909f56bfc062723c751e8b465ee728b)  -> (artifact id: 'eeea8bd2883aa952724a1f0569e92e61') in 0.075484 seconds 
  Import took 0.116072 seconds .

========================================================================
Received Import Request.
  Time since last request: 0.000711 seconds.
  path: Assets/Prefabs/FireWall.prefab
  artifactKey: Guid(c4f3215170a9d174b97af3f07c66443c) Importer(815301076,1909f56bfc062723c751e8b465ee728b)
Start importing Assets/Prefabs/FireWall.prefab using Guid(c4f3215170a9d174b97af3f07c66443c) Importer(815301076,1909f56bfc062723c751e8b465ee728b)  -> (artifact id: '70255b70e7f7854e0c25ffaad4677793') in 0.233730 seconds 
  Import took 0.269752 seconds .

========================================================================
Received Import Request.
  Time since last request: 0.000393 seconds.
  path: Assets/Prefabs/DeathFallTrigger.prefab
  artifactKey: Guid(c7bb71f682a58884ab6e2c43e1dbfe08) Importer(815301076,1909f56bfc062723c751e8b465ee728b)
Start importing Assets/Prefabs/DeathFallTrigger.prefab using Guid(c7bb71f682a58884ab6e2c43e1dbfe08) Importer(815301076,1909f56bfc062723c751e8b465ee728b)  -> (artifact id: 'aa23f8cc3ca7cfdf5d0e420b26b0d6fa') in 0.092562 seconds 
  Import took 0.104676 seconds .

========================================================================
Received Import Request.
  Time since last request: 5.015311 seconds.
  path: Assets/Scenes/Final/Level-03.unity
  artifactKey: Guid(c9c8c2bfe68566742aafee8ab8890b83) Importer(815301076,1909f56bfc062723c751e8b465ee728b)
Start importing Assets/Scenes/Final/Level-03.unity using Guid(c9c8c2bfe68566742aafee8ab8890b83) Importer(815301076,1909f56bfc062723c751e8b465ee728b)  -> (artifact id: 'c4bb618e27d1ece9cd2fb0231afa5344') in 0.041749 seconds 
  Import took 0.096153 seconds .

========================================================================
Received Import Request.
  Time since last request: 47.971173 seconds.
  path: Assets/Scenes/Prototypes/Prototype 4.unity
  artifactKey: Guid(69a4a4f06cabbc84da545b4f892455bd) Importer(815301076,1909f56bfc062723c751e8b465ee728b)
Start importing Assets/Scenes/Prototypes/Prototype 4.unity using Guid(69a4a4f06cabbc84da545b4f892455bd) Importer(815301076,1909f56bfc062723c751e8b465ee728b)  -> (artifact id: '9e1b978229f3e635b394deb0511d6938') in 0.029398 seconds 
  Import took 0.063072 seconds .

========================================================================
Received Import Request.
  Time since last request: 7.131479 seconds.
  path: Assets/Scenes/Prototypes/Prototype 5.unity
  artifactKey: Guid(c8fd37340b6015f40865978518abbe50) Importer(815301076,1909f56bfc062723c751e8b465ee728b)
Start importing Assets/Scenes/Prototypes/Prototype 5.unity using Guid(c8fd37340b6015f40865978518abbe50) Importer(815301076,1909f56bfc062723c751e8b465ee728b)  -> (artifact id: 'c3ef1ac76ad2b7b1206e1c3255c18c92') in 0.009119 seconds 
  Import took 0.032319 seconds .

========================================================================
Received Import Request.
  Time since last request: 259.489387 seconds.
  path: Assets/AmplifyShaderEditor/Examples/Assets/Textures/Misc/BlueNoise.png
  artifactKey: Guid(16d574e53541bba44a84052fa38778df) Importer(815301076,1909f56bfc062723c751e8b465ee728b)
Start importing Assets/AmplifyShaderEditor/Examples/Assets/Textures/Misc/BlueNoise.png using Guid(16d574e53541bba44a84052fa38778df) Importer(815301076,1909f56bfc062723c751e8b465ee728b)  -> (artifact id: '308d4c4f09ee82725d819d7d8c63143b') in 0.131040 seconds 
  Import took 0.201618 seconds .

========================================================================
Received Import Request.
  Time since last request: 0.006123 seconds.
  path: Assets/AmplifyShaderEditor/Examples/Assets/Textures/Misc/BlueNoise.png
  artifactKey: Guid(16d574e53541bba44a84052fa38778df) Importer(815301076,1909f56bfc062723c751e8b465ee728b)
Start importing Assets/AmplifyShaderEditor/Examples/Assets/Textures/Misc/BlueNoise.png using Guid(16d574e53541bba44a84052fa38778df) Importer(815301076,1909f56bfc062723c751e8b465ee728b)  -> (artifact id: '308d4c4f09ee82725d819d7d8c63143b') in 0.034931 seconds 
  Import took 0.048016 seconds .

========================================================================
Received Prepare
Shader 'ASESampleShaders/Terrain/TerrainSnowCoverageFirstPass': dependency 'BaseMapShader' shader 'ASESampleShaders/TerrainBase' not found
Refreshing native plugins compatible for Editor in 32.79 ms, found 2 plugins.
Preloading 0 native plugins for Editor in 0.00 ms.
Unloading 58 Unused Serialized files (Serialized files now loaded: 0)
System memory in use before: 152.0 MB.
System memory in use after: 152.1 MB.

Unloading 65 unused Assets to reduce memory usage. Loaded Objects now: 3945.
Total: 14.986000 ms (FindLiveObjects: 0.437700 ms CreateObjectMapping: 0.256800 ms MarkObjects: 14.111700 ms  DeleteObjects: 0.178000 ms)

AssetImportParameters requested are different than current active one (requested -> active):
  custom:framework-win-MediaFoundation: 216162199b28c13a410421893ffa2e32 -> 
  custom:video-decoder-ogg-theora: a1e56fd34408186e4bbccfd4996cb3dc -> 
  custom:container-muxer-webm: aa71ff27fc2769a1b78a27578f13a17b -> 
  custom:container-demuxer-webm: 4f35f7cbe854078d1ac9338744f61a02 -> 
  custom:container-demuxer-ogg: 62fdf1f143b41e24485cea50d1cbac27 -> 
  custom:video-encoder-webm-vp8: eb34c28f22e8b96e1ab97ce403110664 -> 
  custom:video-decoder-webm-vp8: 9c59270c3fd7afecdb556c50c9e8de78 -> 
  custom:audio-decoder-ogg-vorbis: bf7c407c2cedff20999df2af8eb42d56 -> 
  custom:audio-encoder-webm-vorbis: bf7c407c2cedff20999df2af8eb42d56 -> 
========================================================================
Received Import Request.
  Time since last request: 443.589799 seconds.
  path: Assets/Scenes/Prototypes/Prototype 3.unity
  artifactKey: Guid(0a9a67f09ebe1774fb7b53a8cd4d96c9) Importer(815301076,1909f56bfc062723c751e8b465ee728b)
Start importing Assets/Scenes/Prototypes/Prototype 3.unity using Guid(0a9a67f09ebe1774fb7b53a8cd4d96c9) Importer(815301076,1909f56bfc062723c751e8b465ee728b)  -> (artifact id: '02fac889c05a577dbfc77a097d52d67c') in 0.064109 seconds 
  Import took 0.158169 seconds .

========================================================================
Received Import Request.
  Time since last request: 50.336178 seconds.
  path: Assets/Shaders/Texture/noise.jpg
  artifactKey: Guid(93ab99799ba9ff64b8b6b5973bb717a7) Importer(815301076,1909f56bfc062723c751e8b465ee728b)
Start importing Assets/Shaders/Texture/noise.jpg using Guid(93ab99799ba9ff64b8b6b5973bb717a7) Importer(815301076,1909f56bfc062723c751e8b465ee728b)  -> (artifact id: 'fb0ec46595ebce40120c41e79cb6a518') in 0.142862 seconds 
  Import took 0.184879 seconds .

========================================================================
Received Import Request.
  Time since last request: 0.000949 seconds.
  path: Assets/Shaders/Texture/noise.jpg
  artifactKey: Guid(93ab99799ba9ff64b8b6b5973bb717a7) Importer(815301076,1909f56bfc062723c751e8b465ee728b)
Start importing Assets/Shaders/Texture/noise.jpg using Guid(93ab99799ba9ff64b8b6b5973bb717a7) Importer(815301076,1909f56bfc062723c751e8b465ee728b)  -> (artifact id: 'fb0ec46595ebce40120c41e79cb6a518') in 0.067225 seconds 
  Import took 0.079815 seconds .

========================================================================
Received Import Request.
  Time since last request: 116.085656 seconds.
  path: Assets/Scenes/Prototypes/Prototype 4.unity
  artifactKey: Guid(69a4a4f06cabbc84da545b4f892455bd) Importer(815301076,1909f56bfc062723c751e8b465ee728b)
Start importing Assets/Scenes/Prototypes/Prototype 4.unity using Guid(69a4a4f06cabbc84da545b4f892455bd) Importer(815301076,1909f56bfc062723c751e8b465ee728b)  -> (artifact id: 'c2e631dd1c71900a89ac0e27ffc662b7') in 0.024609 seconds 
  Import took 0.070514 seconds .

========================================================================
Received Import Request.
  Time since last request: 7.123546 seconds.
  path: Assets/Scenes/Prototypes/Prototype 4Settings.lighting
  artifactKey: Guid(03deb82f7912e1645bb14adbe64fab82) Importer(815301076,1909f56bfc062723c751e8b465ee728b)
Start importing Assets/Scenes/Prototypes/Prototype 4Settings.lighting using Guid(03deb82f7912e1645bb14adbe64fab82) Importer(815301076,1909f56bfc062723c751e8b465ee728b) LightingSettings: switching bake backend from 1 to 0.
 -> (artifact id: '5174e3e3da2511f5b3bd68b1a91aba9e') in 0.016909 seconds 
  Import took 0.033429 seconds .

========================================================================
Received Prepare
Registering precompiled user dll's ...
Registered in 0.024900 seconds.
Begin MonoManager ReloadAssembly
Native extension for WindowsStandalone target not found
Refreshing native plugins compatible for Editor in 1.73 ms, found 2 plugins.
Preloading 0 native plugins for Editor in 0.00 ms.
Mono: successfully reloaded assembly
- Completed reload, in  2.637 seconds
Domain Reload Profiling:
	ReloadAssembly (2638ms)
		BeginReloadAssembly (371ms)
			ExecutionOrderSort (0ms)
			DisableScriptedObjects (8ms)
			BackupInstance (0ms)
			ReleaseScriptingObjects (0ms)
			CreateAndSetChildDomain (93ms)
		EndReloadAssembly (2063ms)
			LoadAssemblies (297ms)
			RebuildTransferFunctionScriptingTraits (0ms)
			SetupTypeCache (505ms)
			ReleaseScriptCaches (2ms)
			RebuildScriptCaches (136ms)
			SetupLoadedEditorAssemblies (784ms)
				LogAssemblyErrors (0ms)
				InitializePlatformSupportModulesInManaged (8ms)
				SetLoadedEditorAssemblies (1ms)
				RefreshPlugins (2ms)
				BeforeProcessingInitializeOnLoad (169ms)
				ProcessInitializeOnLoadAttributes (549ms)
				ProcessInitializeOnLoadMethodAttributes (43ms)
				AfterProcessingInitializeOnLoad (11ms)
				EditorAssembliesLoaded (0ms)
			ExecutionOrderSort2 (0ms)
			AwakeInstancesAfterBackupRestoration (265ms)
Platform modules already initialized, skipping
Shader 'ASESampleShaders/Terrain/TerrainSnowCoverageFirstPass': dependency 'BaseMapShader' shader 'ASESampleShaders/TerrainBase' not found
Refreshing native plugins compatible for Editor in 1.41 ms, found 2 plugins.
Preloading 0 native plugins for Editor in 0.00 ms.
Unloading 3048 Unused Serialized files (Serialized files now loaded: 0)
System memory in use before: 207.5 MB.
System memory in use after: 207.7 MB.

Unloading 60 unused Assets to reduce memory usage. Loaded Objects now: 3966.
Total: 9.318600 ms (FindLiveObjects: 0.486900 ms CreateObjectMapping: 0.245700 ms MarkObjects: 8.326400 ms  DeleteObjects: 0.175900 ms)

AssetImportParameters requested are different than current active one (requested -> active):
  custom:framework-win-MediaFoundation: 216162199b28c13a410421893ffa2e32 -> 
  custom:video-decoder-ogg-theora: a1e56fd34408186e4bbccfd4996cb3dc -> 
  custom:container-muxer-webm: aa71ff27fc2769a1b78a27578f13a17b -> 
  custom:container-demuxer-webm: 4f35f7cbe854078d1ac9338744f61a02 -> 
  custom:container-demuxer-ogg: 62fdf1f143b41e24485cea50d1cbac27 -> 
  custom:video-encoder-webm-vp8: eb34c28f22e8b96e1ab97ce403110664 -> 
  custom:video-decoder-webm-vp8: 9c59270c3fd7afecdb556c50c9e8de78 -> 
  custom:audio-decoder-ogg-vorbis: bf7c407c2cedff20999df2af8eb42d56 -> 
  custom:audio-encoder-webm-vorbis: bf7c407c2cedff20999df2af8eb42d56 -> 
========================================================================
Received Prepare
Shader 'ASESampleShaders/Terrain/TerrainSnowCoverageFirstPass': dependency 'BaseMapShader' shader 'ASESampleShaders/TerrainBase' not found
Refreshing native plugins compatible for Editor in 45.22 ms, found 2 plugins.
Preloading 0 native plugins for Editor in 0.00 ms.
Unloading 58 Unused Serialized files (Serialized files now loaded: 0)
System memory in use before: 148.2 MB.
System memory in use after: 148.4 MB.

Unloading 58 unused Assets to reduce memory usage. Loaded Objects now: 3966.
Total: 8.777600 ms (FindLiveObjects: 0.388800 ms CreateObjectMapping: 0.244600 ms MarkObjects: 7.953100 ms  DeleteObjects: 0.189500 ms)

AssetImportParameters requested are different than current active one (requested -> active):
  custom:framework-win-MediaFoundation: 216162199b28c13a410421893ffa2e32 -> 
  custom:video-decoder-ogg-theora: a1e56fd34408186e4bbccfd4996cb3dc -> 
  custom:container-muxer-webm: aa71ff27fc2769a1b78a27578f13a17b -> 
  custom:container-demuxer-webm: 4f35f7cbe854078d1ac9338744f61a02 -> 
  custom:container-demuxer-ogg: 62fdf1f143b41e24485cea50d1cbac27 -> 
  custom:video-encoder-webm-vp8: eb34c28f22e8b96e1ab97ce403110664 -> 
  custom:video-decoder-webm-vp8: 9c59270c3fd7afecdb556c50c9e8de78 -> 
  custom:audio-decoder-ogg-vorbis: bf7c407c2cedff20999df2af8eb42d56 -> 
  custom:audio-encoder-webm-vorbis: bf7c407c2cedff20999df2af8eb42d56 -> 
========================================================================
Received Prepare
Registering precompiled user dll's ...
Registered in 0.028149 seconds.
Begin MonoManager ReloadAssembly
Native extension for WindowsStandalone target not found
Refreshing native plugins compatible for Editor in 1.27 ms, found 2 plugins.
Preloading 0 native plugins for Editor in 0.00 ms.
Mono: successfully reloaded assembly
- Completed reload, in  2.144 seconds
Domain Reload Profiling:
	ReloadAssembly (2145ms)
		BeginReloadAssembly (208ms)
			ExecutionOrderSort (0ms)
			DisableScriptedObjects (8ms)
			BackupInstance (0ms)
			ReleaseScriptingObjects (0ms)
			CreateAndSetChildDomain (60ms)
		EndReloadAssembly (1831ms)
			LoadAssemblies (166ms)
			RebuildTransferFunctionScriptingTraits (0ms)
			SetupTypeCache (515ms)
			ReleaseScriptCaches (1ms)
			RebuildScriptCaches (191ms)
			SetupLoadedEditorAssemblies (737ms)
				LogAssemblyErrors (0ms)
				InitializePlatformSupportModulesInManaged (7ms)
				SetLoadedEditorAssemblies (1ms)
				RefreshPlugins (1ms)
				BeforeProcessingInitializeOnLoad (128ms)
				ProcessInitializeOnLoadAttributes (506ms)
				ProcessInitializeOnLoadMethodAttributes (74ms)
				AfterProcessingInitializeOnLoad (19ms)
				EditorAssembliesLoaded (0ms)
			ExecutionOrderSort2 (0ms)
			AwakeInstancesAfterBackupRestoration (11ms)
Platform modules already initialized, skipping
Shader 'ASESampleShaders/Terrain/TerrainSnowCoverageFirstPass': dependency 'BaseMapShader' shader 'ASESampleShaders/TerrainBase' not found
Refreshing native plugins compatible for Editor in 1.24 ms, found 2 plugins.
Preloading 0 native plugins for Editor in 0.00 ms.
Unloading 3029 Unused Serialized files (Serialized files now loaded: 0)
System memory in use before: 206.9 MB.
System memory in use after: 207.1 MB.

Unloading 60 unused Assets to reduce memory usage. Loaded Objects now: 3968.
Total: 8.494000 ms (FindLiveObjects: 0.376200 ms CreateObjectMapping: 0.212000 ms MarkObjects: 7.581900 ms  DeleteObjects: 0.321700 ms)

AssetImportParameters requested are different than current active one (requested -> active):
  custom:framework-win-MediaFoundation: 216162199b28c13a410421893ffa2e32 -> 
  custom:video-decoder-ogg-theora: a1e56fd34408186e4bbccfd4996cb3dc -> 
  custom:container-muxer-webm: aa71ff27fc2769a1b78a27578f13a17b -> 
  custom:container-demuxer-webm: 4f35f7cbe854078d1ac9338744f61a02 -> 
  custom:container-demuxer-ogg: 62fdf1f143b41e24485cea50d1cbac27 -> 
  custom:video-encoder-webm-vp8: eb34c28f22e8b96e1ab97ce403110664 -> 
  custom:video-decoder-webm-vp8: 9c59270c3fd7afecdb556c50c9e8de78 -> 
  custom:audio-decoder-ogg-vorbis: bf7c407c2cedff20999df2af8eb42d56 -> 
  custom:audio-encoder-webm-vorbis: bf7c407c2cedff20999df2af8eb42d56 -> 
========================================================================
Received Prepare
Registering precompiled user dll's ...
Registered in 0.036285 seconds.
Begin MonoManager ReloadAssembly
Native extension for WindowsStandalone target not found
Refreshing native plugins compatible for Editor in 1.26 ms, found 2 plugins.
Preloading 0 native plugins for Editor in 0.00 ms.
Mono: successfully reloaded assembly
- Completed reload, in  2.396 seconds
Domain Reload Profiling:
	ReloadAssembly (2396ms)
		BeginReloadAssembly (233ms)
			ExecutionOrderSort (0ms)
			DisableScriptedObjects (16ms)
			BackupInstance (0ms)
			ReleaseScriptingObjects (0ms)
			CreateAndSetChildDomain (66ms)
		EndReloadAssembly (2016ms)
			LoadAssemblies (212ms)
			RebuildTransferFunctionScriptingTraits (0ms)
			SetupTypeCache (707ms)
			ReleaseScriptCaches (1ms)
			RebuildScriptCaches (108ms)
			SetupLoadedEditorAssemblies (813ms)
				LogAssemblyErrors (0ms)
				InitializePlatformSupportModulesInManaged (6ms)
				SetLoadedEditorAssemblies (1ms)
				RefreshPlugins (1ms)
				BeforeProcessingInitializeOnLoad (137ms)
				ProcessInitializeOnLoadAttributes (592ms)
				ProcessInitializeOnLoadMethodAttributes (62ms)
				AfterProcessingInitializeOnLoad (13ms)
				EditorAssembliesLoaded (1ms)
			ExecutionOrderSort2 (0ms)
			AwakeInstancesAfterBackupRestoration (10ms)
Platform modules already initialized, skipping
Shader 'ASESampleShaders/Terrain/TerrainSnowCoverageFirstPass': dependency 'BaseMapShader' shader 'ASESampleShaders/TerrainBase' not found
Refreshing native plugins compatible for Editor in 1.82 ms, found 2 plugins.
Preloading 0 native plugins for Editor in 0.00 ms.
Unloading 3029 Unused Serialized files (Serialized files now loaded: 0)
System memory in use before: 207.0 MB.
System memory in use after: 207.1 MB.

Unloading 60 unused Assets to reduce memory usage. Loaded Objects now: 3970.
Total: 10.833600 ms (FindLiveObjects: 0.354600 ms CreateObjectMapping: 0.210100 ms MarkObjects: 10.055100 ms  DeleteObjects: 0.212000 ms)

AssetImportParameters requested are different than current active one (requested -> active):
  custom:framework-win-MediaFoundation: 216162199b28c13a410421893ffa2e32 -> 
  custom:video-decoder-ogg-theora: a1e56fd34408186e4bbccfd4996cb3dc -> 
  custom:container-muxer-webm: aa71ff27fc2769a1b78a27578f13a17b -> 
  custom:container-demuxer-webm: 4f35f7cbe854078d1ac9338744f61a02 -> 
  custom:container-demuxer-ogg: 62fdf1f143b41e24485cea50d1cbac27 -> 
  custom:video-encoder-webm-vp8: eb34c28f22e8b96e1ab97ce403110664 -> 
  custom:video-decoder-webm-vp8: 9c59270c3fd7afecdb556c50c9e8de78 -> 
  custom:audio-decoder-ogg-vorbis: bf7c407c2cedff20999df2af8eb42d56 -> 
  custom:audio-encoder-webm-vorbis: bf7c407c2cedff20999df2af8eb42d56 -> 
========================================================================
Received Import Request.
  Time since last request: 1595.381522 seconds.
  path: Assets/Scenes/Prototypes/Prototype 1.unity
  artifactKey: Guid(43d369445bdc083458e12a31e3142b2d) Importer(815301076,1909f56bfc062723c751e8b465ee728b)
Start importing Assets/Scenes/Prototypes/Prototype 1.unity using Guid(43d369445bdc083458e12a31e3142b2d) Importer(815301076,1909f56bfc062723c751e8b465ee728b)  -> (artifact id: '8bb77fc25e0bbd977f95396fb4da18f0') in 0.487575 seconds 
  Import took 0.526190 seconds .

========================================================================
Received Import Request.
  Time since last request: 52.556421 seconds.
  path: Assets/Scenes/Prototypes/Prototype 4.unity
  artifactKey: Guid(69a4a4f06cabbc84da545b4f892455bd) Importer(815301076,1909f56bfc062723c751e8b465ee728b)
Start importing Assets/Scenes/Prototypes/Prototype 4.unity using Guid(69a4a4f06cabbc84da545b4f892455bd) Importer(815301076,1909f56bfc062723c751e8b465ee728b)  -> (artifact id: 'f0dbb5414947d93afd6a5ff7576a2b34') in 0.054177 seconds 
  Import took 0.091798 seconds .

========================================================================
Received Prepare
Shader 'ASESampleShaders/Terrain/TerrainSnowCoverageFirstPass': dependency 'BaseMapShader' shader 'ASESampleShaders/TerrainBase' not found
Refreshing native plugins compatible for Editor in 19.52 ms, found 2 plugins.
Preloading 0 native plugins for Editor in 0.00 ms.
Unloading 58 Unused Serialized files (Serialized files now loaded: 0)
System memory in use before: 148.3 MB.
System memory in use after: 148.5 MB.

Unloading 58 unused Assets to reduce memory usage. Loaded Objects now: 3970.
Total: 8.520200 ms (FindLiveObjects: 0.360400 ms CreateObjectMapping: 0.196400 ms MarkObjects: 7.761200 ms  DeleteObjects: 0.200400 ms)

AssetImportParameters requested are different than current active one (requested -> active):
  custom:framework-win-MediaFoundation: 216162199b28c13a410421893ffa2e32 -> 
  custom:video-decoder-ogg-theora: a1e56fd34408186e4bbccfd4996cb3dc -> 
  custom:container-muxer-webm: aa71ff27fc2769a1b78a27578f13a17b -> 
  custom:container-demuxer-webm: 4f35f7cbe854078d1ac9338744f61a02 -> 
  custom:container-demuxer-ogg: 62fdf1f143b41e24485cea50d1cbac27 -> 
  custom:video-encoder-webm-vp8: eb34c28f22e8b96e1ab97ce403110664 -> 
  custom:video-decoder-webm-vp8: 9c59270c3fd7afecdb556c50c9e8de78 -> 
  custom:audio-decoder-ogg-vorbis: bf7c407c2cedff20999df2af8eb42d56 -> 
  custom:audio-encoder-webm-vorbis: bf7c407c2cedff20999df2af8eb42d56 -> 
